<?xml version="1.0" encoding="UTF-8"?>
<testsuite xmlns:xsi="http://www.w3.org/2001/XMLSchema-instance" xsi:noNamespaceSchemaLocation="https://maven.apache.org/surefire/maven-surefire-plugin/xsd/surefire-test-report-3.0.xsd" version="3.0" name="com.mkyong.hashing.AppTest" time="0.019" tests="2" errors="0" skipped="0" failures="0">
  <properties>
    <property name="sun.desktop" value="windows"/>
    <property name="awt.toolkit" value="sun.awt.windows.WToolkit"/>
    <property name="file.encoding.pkg" value="sun.io"/>
    <property name="java.specification.version" value="1.8"/>
    <property name="sun.cpu.isalist" value="amd64"/>
    <property name="sun.jnu.encoding" value="Cp1252"/>
    <property name="java.class.path" value="C:\Users\devse\Downloads\maven-examples-master\maven-examples-master\java-maven-project\target\test-classes;C:\Users\devse\Downloads\maven-examples-master\maven-examples-master\java-maven-project\target\classes;C:\Users\devse\.m2\repository\junit\junit\4.12\junit-4.12.jar;C:\Users\devse\.m2\repository\org\hamcrest\hamcrest-core\1.3\hamcrest-core-1.3.jar;C:\Users\devse\.m2\repository\org\junit\jupiter\junit-jupiter-api\5.11.0-M1\junit-jupiter-api-5.11.0-M1.jar;C:\Users\devse\.m2\repository\org\opentest4j\opentest4j\1.3.0\opentest4j-1.3.0.jar;C:\Users\devse\.m2\repository\org\junit\platform\junit-platform-commons\1.11.0-M1\junit-platform-commons-1.11.0-M1.jar;C:\Users\devse\.m2\repository\org\apiguardian\apiguardian-api\1.1.2\apiguardian-api-1.1.2.jar;C:\Users\devse\.m2\repository\commons-codec\commons-codec\1.11\commons-codec-1.11.jar;C:\Users\devse\.m2\repository\javax\servlet\javax.servlet-api\4.0.1\javax.servlet-api-4.0.1.jar;C:\Users\devse\.m2\repository\org\hibernate\orm\hibernate-core\7.0.0.Alpha1\hibernate-core-7.0.0.Alpha1.jar;C:\Users\devse\.m2\repository\jakarta\persistence\jakarta.persistence-api\3.2.0-B02\jakarta.persistence-api-3.2.0-B02.jar;C:\Users\devse\.m2\repository\jakarta\transaction\jakarta.transaction-api\2.0.1\jakarta.transaction-api-2.0.1.jar;C:\Users\devse\.m2\repository\org\jboss\logging\jboss-logging\3.5.0.Final\jboss-logging-3.5.0.Final.jar;C:\Users\devse\.m2\repository\org\hibernate\models\hibernate-models\0.7.8\hibernate-models-0.7.8.jar;C:\Users\devse\.m2\repository\io\smallrye\jandex\3.1.2\jandex-3.1.2.jar;C:\Users\devse\.m2\repository\com\fasterxml\classmate\1.5.1\classmate-1.5.1.jar;C:\Users\devse\.m2\repository\net\bytebuddy\byte-buddy\1.14.12\byte-buddy-1.14.12.jar;C:\Users\devse\.m2\repository\jakarta\xml\bind\jakarta.xml.bind-api\4.0.0\jakarta.xml.bind-api-4.0.0.jar;C:\Users\devse\.m2\repository\jakarta\activation\jakarta.activation-api\2.1.0\jakarta.activation-api-2.1.0.jar;C:\Users\devse\.m2\repository\org\glassfish\jaxb\jaxb-runtime\4.0.2\jaxb-runtime-4.0.2.jar;C:\Users\devse\.m2\repository\org\glassfish\jaxb\jaxb-core\4.0.2\jaxb-core-4.0.2.jar;C:\Users\devse\.m2\repository\org\eclipse\angus\angus-activation\2.0.0\angus-activation-2.0.0.jar;C:\Users\devse\.m2\repository\org\glassfish\jaxb\txw2\4.0.2\txw2-4.0.2.jar;C:\Users\devse\.m2\repository\com\sun\istack\istack-commons-runtime\4.1.1\istack-commons-runtime-4.1.1.jar;C:\Users\devse\.m2\repository\jakarta\inject\jakarta.inject-api\2.0.1\jakarta.inject-api-2.0.1.jar;C:\Users\devse\.m2\repository\org\antlr\antlr4-runtime\4.13.0\antlr4-runtime-4.13.0.jar;"/>
    <property name="java.vm.vendor" value="Amazon.com Inc."/>
    <property name="sun.arch.data.model" value="64"/>
    <property name="user.variant" value=""/>
    <property name="java.vendor.url" value="https://aws.amazon.com/corretto/"/>
    <property name="user.timezone" value="Asia/Calcutta"/>
    <property name="java.vm.specification.version" value="1.8"/>
    <property name="os.name" value="Windows 11"/>
    <property name="user.country" value="IN"/>
    <property name="sun.java.launcher" value="SUN_STANDARD"/>
    <property name="sun.boot.library.path" value="C:\Program Files\Amazon Corretto\jdk1.8.0_402\jre\bin"/>
    <property name="sun.java.command" value="C:\Users\devse\AppData\Local\Temp\surefire3417114542892032470\surefirebooter-20240509102458207_3.jar C:\Users\devse\AppData\Local\Temp\surefire3417114542892032470 2024-05-09T10-24-55_844-jvmRun1 surefire-20240509102458207_1tmp surefire_0-20240509102458207_2tmp"/>
    <property name="surefire.test.class.path" value="C:\Users\devse\Downloads\maven-examples-master\maven-examples-master\java-maven-project\target\test-classes;C:\Users\devse\Downloads\maven-examples-master\maven-examples-master\java-maven-project\target\classes;C:\Users\devse\.m2\repository\junit\junit\4.12\junit-4.12.jar;C:\Users\devse\.m2\repository\org\hamcrest\hamcrest-core\1.3\hamcrest-core-1.3.jar;C:\Users\devse\.m2\repository\org\junit\jupiter\junit-jupiter-api\5.11.0-M1\junit-jupiter-api-5.11.0-M1.jar;C:\Users\devse\.m2\repository\org\opentest4j\opentest4j\1.3.0\opentest4j-1.3.0.jar;C:\Users\devse\.m2\repository\org\junit\platform\junit-platform-commons\1.11.0-M1\junit-platform-commons-1.11.0-M1.jar;C:\Users\devse\.m2\repository\org\apiguardian\apiguardian-api\1.1.2\apiguardian-api-1.1.2.jar;C:\Users\devse\.m2\repository\commons-codec\commons-codec\1.11\commons-codec-1.11.jar;C:\Users\devse\.m2\repository\javax\servlet\javax.servlet-api\4.0.1\javax.servlet-api-4.0.1.jar;C:\Users\devse\.m2\repository\org\hibernate\orm\hibernate-core\7.0.0.Alpha1\hibernate-core-7.0.0.Alpha1.jar;C:\Users\devse\.m2\repository\jakarta\persistence\jakarta.persistence-api\3.2.0-B02\jakarta.persistence-api-3.2.0-B02.jar;C:\Users\devse\.m2\repository\jakarta\transaction\jakarta.transaction-api\2.0.1\jakarta.transaction-api-2.0.1.jar;C:\Users\devse\.m2\repository\org\jboss\logging\jboss-logging\3.5.0.Final\jboss-logging-3.5.0.Final.jar;C:\Users\devse\.m2\repository\org\hibernate\models\hibernate-models\0.7.8\hibernate-models-0.7.8.jar;C:\Users\devse\.m2\repository\io\smallrye\jandex\3.1.2\jandex-3.1.2.jar;C:\Users\devse\.m2\repository\com\fasterxml\classmate\1.5.1\classmate-1.5.1.jar;C:\Users\devse\.m2\repository\net\bytebuddy\byte-buddy\1.14.12\byte-buddy-1.14.12.jar;C:\Users\devse\.m2\repository\jakarta\xml\bind\jakarta.xml.bind-api\4.0.0\jakarta.xml.bind-api-4.0.0.jar;C:\Users\devse\.m2\repository\jakarta\activation\jakarta.activation-api\2.1.0\jakarta.activation-api-2.1.0.jar;C:\Users\devse\.m2\repository\org\glassfish\jaxb\jaxb-runtime\4.0.2\jaxb-runtime-4.0.2.jar;C:\Users\devse\.m2\repository\org\glassfish\jaxb\jaxb-core\4.0.2\jaxb-core-4.0.2.jar;C:\Users\devse\.m2\repository\org\eclipse\angus\angus-activation\2.0.0\angus-activation-2.0.0.jar;C:\Users\devse\.m2\repository\org\glassfish\jaxb\txw2\4.0.2\txw2-4.0.2.jar;C:\Users\devse\.m2\repository\com\sun\istack\istack-commons-runtime\4.1.1\istack-commons-runtime-4.1.1.jar;C:\Users\devse\.m2\repository\jakarta\inject\jakarta.inject-api\2.0.1\jakarta.inject-api-2.0.1.jar;C:\Users\devse\.m2\repository\org\antlr\antlr4-runtime\4.13.0\antlr4-runtime-4.13.0.jar;"/>
    <property name="sun.cpu.endian" value="little"/>
    <property name="user.home" value="C:\Users\devse"/>
    <property name="user.language" value="en"/>
    <property name="java.specification.vendor" value="Oracle Corporation"/>
    <property name="java.home" value="C:\Program Files\Amazon Corretto\jdk1.8.0_402\jre"/>
    <property name="basedir" value="C:\Users\devse\Downloads\maven-examples-master\maven-examples-master\java-maven-project"/>
    <property name="file.separator" value="\"/>
    <property name="line.separator" value="&#10;"/>
    <property name="java.vm.specification.vendor" value="Oracle Corporation"/>
    <property name="java.specification.name" value="Java Platform API Specification"/>
    <property name="java.awt.graphicsenv" value="sun.awt.Win32GraphicsEnvironment"/>
    <property name="surefire.real.class.path" value="C:\Users\devse\AppData\Local\Temp\surefire3417114542892032470\surefirebooter-20240509102458207_3.jar"/>
    <property name="sun.boot.class.path" value="C:\Program Files\Amazon Corretto\jdk1.8.0_402\jre\lib\resources.jar;C:\Program Files\Amazon Corretto\jdk1.8.0_402\jre\lib\rt.jar;C:\Program Files\Amazon Corretto\jdk1.8.0_402\jre\lib\sunrsasign.jar;C:\Program Files\Amazon Corretto\jdk1.8.0_402\jre\lib\jsse.jar;C:\Program Files\Amazon Corretto\jdk1.8.0_402\jre\lib\jce.jar;C:\Program Files\Amazon Corretto\jdk1.8.0_402\jre\lib\charsets.jar;C:\Program Files\Amazon Corretto\jdk1.8.0_402\jre\lib\jfr.jar;C:\Program Files\Amazon Corretto\jdk1.8.0_402\jre\classes"/>
    <property name="user.script" value=""/>
    <property name="sun.management.compiler" value="HotSpot 64-Bit Tiered Compilers"/>
    <property name="java.runtime.version" value="1.8.0_402-b08"/>
    <property name="user.name" value="devse"/>
    <property name="path.separator" value=";"/>
    <property name="os.version" value="10.0"/>
    <property name="java.endorsed.dirs" value="C:\Program Files\Amazon Corretto\jdk1.8.0_402\jre\lib\endorsed"/>
    <property name="java.runtime.name" value="OpenJDK Runtime Environment"/>
    <property name="file.encoding" value="Cp1252"/>
    <property name="java.vm.name" value="OpenJDK 64-Bit Server VM"/>
    <property name="localRepository" value="C:\Users\devse\.m2\repository"/>
    <property name="java.vendor.url.bug" value="https://github.com/corretto/corretto-8/issues/"/>
    <property name="java.io.tmpdir" value="C:\Users\devse\AppData\Local\Temp\"/>
    <property name="java.version" value="1.8.0_402"/>
    <property name="user.dir" value="C:\Users\devse\Downloads\maven-examples-master\maven-examples-master\java-maven-project"/>
    <property name="os.arch" value="amd64"/>
    <property name="java.vm.specification.name" value="Java Virtual Machine Specification"/>
    <property name="java.awt.printerjob" value="sun.awt.windows.WPrinterJob"/>
    <property name="sun.os.patch.level" value=""/>
    <property name="java.library.path" value="C:\Program Files\Amazon Corretto\jdk1.8.0_402\jre\bin;C:\WINDOWS\Sun\Java\bin;C:\WINDOWS\system32;C:\WINDOWS;C:\Program Files\Amazon Corretto\jdk1.8.0_402\bin;C:\WINDOWS\system32;C:\WINDOWS;C:\WINDOWS\System32\Wbem;C:\WINDOWS\System32\WindowsPowerShell\v1.0\;C:\WINDOWS\System32\OpenSSH\;C:\Program Files\dotnet\;C:\Program Files\Git\cmd;C:\Program Files\PuTTY\;D:\It_Softwares\terraform_1.7.5_windows_386;C:\Program Files\Amazon Corretto\jdk1.8.0_402\bin;C:\apache-maven-3.9.6-bin\apache-maven-3.9.6\bin;C:\Users\devse\AppData\Local\Microsoft\WindowsApps;C:\Users\devse\AppData\Local\Programs\Microsoft VS Code\bin;."/>
    <property name="java.vm.info" value="mixed mode"/>
    <property name="java.vendor" value="Amazon.com Inc."/>
    <property name="java.vm.version" value="25.402-b08"/>
    <property name="java.specification.maintenance.version" value="5"/>
    <property name="java.ext.dirs" value="C:\Program Files\Amazon Corretto\jdk1.8.0_402\jre\lib\ext;C:\WINDOWS\Sun\Java\lib\ext"/>
    <property name="sun.io.unicode.encoding" value="UnicodeLittle"/>
    <property name="java.class.version" value="52.0"/>
  </properties>
  <testcase name="testHex" classname="com.mkyong.hashing.AppTest" time="0.013"/>
  <testcase name="testLength" classname="com.mkyong.hashing.AppTest" time="0.0"/>
</testsuite>